2022-01-25 22:49:51,077 [main] INFO CucumberJava - ********Launching browser**********
2022-01-25 22:49:51,108 [main] INFO CucumberJava - ********Opening URL**********
2022-01-25 22:50:00,581 [main] INFO CucumberJava - ********Providing login details**********
2022-01-25 22:50:00,917 [main] INFO CucumberJava - ********Started login**********
2022-01-25 22:52:38,285 [main] INFO CucumberJava - ********Launching browser**********
2022-01-25 22:52:38,314 [main] INFO CucumberJava - ********Opening URL**********
2022-01-25 22:52:40,747 [main] INFO CucumberJava - ********Providing login details**********
2022-01-25 22:52:41,022 [main] INFO CucumberJava - ********Started login**********
2022-01-25 22:53:02,711 [main] INFO CucumberJava - ********Adding new costumer**********
2022-01-25 22:53:02,717 [main] INFO CucumberJava - ********Providing costumer details**********
2022-01-25 22:53:10,110 [main] INFO CucumberJava - ********Saving costumer data**********
2022-01-25 22:53:14,950 [main] INFO CucumberJava - ********Closing browser**********
2022-01-25 22:53:16,379 [main] INFO CucumberJava - ********Launching browser**********
2022-01-25 22:53:16,380 [main] INFO CucumberJava - ********Opening URL**********
2022-01-25 22:53:18,677 [main] INFO CucumberJava - ********Providing login details**********
2022-01-25 22:53:18,951 [main] INFO CucumberJava - ********Started login**********
2022-01-25 22:53:41,132 [main] INFO CucumberJava - ********Searching costumer by email id**********
2022-01-25 22:53:44,636 [main] INFO CucumberJava - ********Closing browser**********
2022-01-25 22:53:45,985 [main] INFO CucumberJava - ********Launching browser**********
2022-01-25 22:53:45,985 [main] INFO CucumberJava - ********Opening URL**********
2022-01-25 22:53:48,283 [main] INFO CucumberJava - ********Providing login details**********
2022-01-25 22:53:48,541 [main] INFO CucumberJava - ********Started login**********
2022-01-25 22:54:31,690 [main] INFO CucumberJava - ********Searching costumer by Name**********
2022-01-25 22:54:35,337 [main] INFO CucumberJava - ********Closing browser**********
2022-01-25 22:54:36,699 [main] INFO CucumberJava - ********Launching browser**********
2022-01-25 22:54:36,700 [main] INFO CucumberJava - ********Opening URL**********
2022-01-25 22:54:39,035 [main] INFO CucumberJava - ********Providing login details**********
2022-01-25 22:54:39,300 [main] INFO CucumberJava - ********Started login**********
2022-01-25 22:54:46,730 [main] INFO CucumberJava - ********Login failed**********
2022-01-25 22:54:46,749 [main] INFO CucumberJava - ********Click on logout link**********
2022-01-25 22:54:51,553 [main] INFO CucumberJava - ********Login failed**********
2022-01-25 22:54:51,563 [main] INFO CucumberJava - ********Closing browser**********
2022-01-25 22:54:56,985 [main] INFO CucumberJava - ********Launching browser**********
2022-01-25 22:54:56,986 [main] INFO CucumberJava - ********Opening URL**********
2022-01-25 22:57:00,478 [main] INFO CucumberJava - ********Providing login details**********
2022-01-25 22:57:00,798 [main] INFO CucumberJava - ********Started login**********
2022-01-25 23:00:02,161 [main] INFO CucumberJava - ********Launching browser**********
2022-01-25 23:00:02,164 [main] INFO CucumberJava - ********Opening URL**********
2022-01-25 23:00:05,906 [main] INFO CucumberJava - ********Providing login details**********
2022-01-25 23:00:06,141 [main] INFO CucumberJava - ********Started login**********
2022-01-25 23:00:07,607 [main] INFO CucumberJava - ********Login passed**********
2022-01-25 23:01:23,595 [main] INFO CucumberJava - ********Launching browser**********
2022-01-25 23:01:23,622 [main] INFO CucumberJava - ********Opening URL**********
2022-01-25 23:01:26,380 [main] INFO CucumberJava - ********Providing login details**********
2022-01-25 23:01:26,651 [main] INFO CucumberJava - ********Started login**********
2022-01-25 23:01:47,378 [main] INFO CucumberJava - ********Adding new costumer**********
2022-01-25 23:01:47,379 [main] INFO CucumberJava - ********Providing costumer details**********
2022-01-25 23:01:54,809 [main] INFO CucumberJava - ********Saving costumer data**********
2022-01-25 23:02:00,429 [main] INFO CucumberJava - ********Closing browser**********
2022-01-25 23:02:01,865 [main] INFO CucumberJava - ********Launching browser**********
2022-01-25 23:02:01,868 [main] INFO CucumberJava - ********Opening URL**********
2022-01-25 23:02:04,239 [main] INFO CucumberJava - ********Providing login details**********
2022-01-25 23:02:04,522 [main] INFO CucumberJava - ********Started login**********
2022-01-25 23:02:35,631 [main] INFO CucumberJava - ********Searching costumer by email id**********
2022-01-25 23:02:39,189 [main] INFO CucumberJava - ********Closing browser**********
2022-01-25 23:02:40,633 [main] INFO CucumberJava - ********Launching browser**********
2022-01-25 23:02:40,635 [main] INFO CucumberJava - ********Opening URL**********
2022-01-25 23:02:44,456 [main] INFO CucumberJava - ********Providing login details**********
2022-01-25 23:02:44,722 [main] INFO CucumberJava - ********Started login**********
2022-01-25 23:03:25,019 [main] INFO CucumberJava - ********Searching costumer by Name**********
2022-01-25 23:03:29,284 [main] INFO CucumberJava - ********Closing browser**********
2022-01-25 23:03:30,682 [main] INFO CucumberJava - ********Launching browser**********
2022-01-25 23:03:30,684 [main] INFO CucumberJava - ********Opening URL**********
2022-01-25 23:03:32,477 [main] INFO CucumberJava - ********Providing login details**********
2022-01-25 23:03:32,759 [main] INFO CucumberJava - ********Started login**********
2022-01-25 23:03:38,764 [main] INFO CucumberJava - ********Login failed**********
2022-01-25 23:03:38,786 [main] INFO CucumberJava - ********Click on logout link**********
2022-01-25 23:03:43,545 [main] INFO CucumberJava - ********Login failed**********
2022-01-25 23:03:43,556 [main] INFO CucumberJava - ********Closing browser**********
2022-01-25 23:03:44,884 [main] INFO CucumberJava - ********Launching browser**********
2022-01-25 23:03:44,886 [main] INFO CucumberJava - ********Opening URL**********
2022-01-25 23:03:47,240 [main] INFO CucumberJava - ********Providing login details**********
2022-01-25 23:03:47,495 [main] INFO CucumberJava - ********Started login**********
2022-01-25 23:03:55,542 [main] INFO CucumberJava - ********Login failed**********
2022-01-25 23:03:55,556 [main] INFO CucumberJava - ********Click on logout link**********
2022-01-25 23:04:01,389 [main] INFO CucumberJava - ********Login failed**********
2022-01-25 23:04:01,401 [main] INFO CucumberJava - ********Closing browser**********
2022-01-25 23:04:06,761 [main] INFO CucumberJava - ********Launching browser**********
2022-01-25 23:04:06,762 [main] INFO CucumberJava - ********Opening URL**********
2022-01-25 23:04:09,323 [main] INFO CucumberJava - ********Providing login details**********
2022-01-25 23:04:09,574 [main] INFO CucumberJava - ********Started login**********
2022-01-25 23:04:10,923 [main] INFO CucumberJava - ********Login passed**********
2022-01-26 10:20:20,099 [main] INFO CucumberJava - ********Launching browser**********
2022-01-26 10:20:20,127 [main] INFO CucumberJava - ********Opening URL**********
2022-01-26 10:20:22,960 [main] INFO CucumberJava - ********Providing login details**********
2022-01-26 10:20:23,263 [main] INFO CucumberJava - ********Started login**********
2022-01-26 10:23:07,757 [main] INFO CucumberJava - ********Launching browser**********
2022-01-26 10:23:07,782 [main] INFO CucumberJava - ********Opening URL**********
2022-01-26 10:23:10,147 [main] INFO CucumberJava - ********Providing login details**********
2022-01-26 10:23:10,423 [main] INFO CucumberJava - ********Started login**********
2022-01-26 10:23:32,911 [main] INFO CucumberJava - ********Adding new costumer**********
2022-01-26 10:23:32,911 [main] INFO CucumberJava - ********Providing costumer details**********
2022-01-26 10:23:40,262 [main] INFO CucumberJava - ********Saving costumer data**********
2022-01-26 10:23:45,441 [main] INFO CucumberJava - ********Closing browser**********
2022-01-26 10:23:46,944 [main] INFO CucumberJava - ********Launching browser**********
2022-01-26 10:23:46,952 [main] INFO CucumberJava - ********Opening URL**********
2022-01-26 10:23:49,266 [main] INFO CucumberJava - ********Providing login details**********
2022-01-26 10:23:49,527 [main] INFO CucumberJava - ********Started login**********
2022-01-26 10:24:05,070 [main] INFO CucumberJava - ********Searching costumer by email id**********
2022-01-26 10:24:08,629 [main] INFO CucumberJava - ********Closing browser**********
2022-01-26 10:24:10,064 [main] INFO CucumberJava - ********Launching browser**********
2022-01-26 10:24:10,064 [main] INFO CucumberJava - ********Opening URL**********
2022-01-26 10:24:12,593 [main] INFO CucumberJava - ********Providing login details**********
2022-01-26 10:24:12,870 [main] INFO CucumberJava - ********Started login**********
2022-01-26 10:24:57,008 [main] INFO CucumberJava - ********Searching costumer by Name**********
2022-01-26 10:25:00,752 [main] INFO CucumberJava - ********Closing browser**********
2022-01-26 10:34:17,201 [main] INFO CucumberJava - ********Launching browser**********
2022-01-26 10:34:17,228 [main] INFO CucumberJava - ********Opening URL**********
2022-01-26 10:34:20,173 [main] INFO CucumberJava - ********Providing login details**********
2022-01-26 10:34:20,447 [main] INFO CucumberJava - ********Started login**********
2022-01-26 10:34:43,394 [main] INFO CucumberJava - ********Adding new costumer**********
2022-01-26 10:34:43,394 [main] INFO CucumberJava - ********Providing costumer details**********
2022-01-26 10:34:50,798 [main] INFO CucumberJava - ********Saving costumer data**********
2022-01-26 10:34:55,491 [main] INFO CucumberJava - ********Closing browser**********
2022-01-26 10:34:58,844 [main] INFO CucumberJava - ********Launching browser**********
2022-01-26 10:34:58,851 [main] INFO CucumberJava - ********Opening URL**********
2022-01-26 10:35:01,237 [main] INFO CucumberJava - ********Providing login details**********
2022-01-26 10:35:01,496 [main] INFO CucumberJava - ********Started login**********
2022-01-26 10:35:16,320 [main] INFO CucumberJava - ********Searching costumer by email id**********
2022-01-26 10:35:19,930 [main] INFO CucumberJava - ********Closing browser**********
2022-01-26 10:35:23,173 [main] INFO CucumberJava - ********Launching browser**********
2022-01-26 10:35:23,176 [main] INFO CucumberJava - ********Opening URL**********
2022-01-26 10:35:25,461 [main] INFO CucumberJava - ********Providing login details**********
2022-01-26 10:35:25,724 [main] INFO CucumberJava - ********Started login**********
2022-01-26 10:35:39,384 [main] INFO CucumberJava - ********Searching costumer by Name**********
2022-01-26 10:35:43,211 [main] INFO CucumberJava - ********Closing browser**********
2022-01-26 11:41:35,232 [main] INFO CucumberJava - ********Launching browser**********
2022-01-26 11:41:35,257 [main] INFO CucumberJava - ********Opening URL**********
2022-01-26 11:41:39,328 [main] INFO CucumberJava - ********Providing login details**********
2022-01-26 11:41:39,573 [main] INFO CucumberJava - ********Started login**********
2022-01-26 11:42:15,778 [main] INFO CucumberJava - ********Adding new costumer**********
2022-01-26 11:42:15,784 [main] INFO CucumberJava - ********Providing costumer details**********
2022-01-26 11:42:23,295 [main] INFO CucumberJava - ********Saving costumer data**********
2022-01-26 11:42:28,919 [main] INFO CucumberJava - ********Closing browser**********
2022-01-26 11:42:30,261 [main] INFO CucumberJava - ********Launching browser**********
2022-01-26 11:42:30,266 [main] INFO CucumberJava - ********Opening URL**********
2022-01-26 11:42:32,476 [main] INFO CucumberJava - ********Providing login details**********
2022-01-26 11:42:32,722 [main] INFO CucumberJava - ********Started login**********
2022-01-26 11:42:50,027 [main] INFO CucumberJava - ********Searching costumer by email id**********
2022-01-26 11:42:53,627 [main] INFO CucumberJava - ********Closing browser**********
2022-01-26 11:42:54,979 [main] INFO CucumberJava - ********Launching browser**********
2022-01-26 11:42:54,985 [main] INFO CucumberJava - ********Opening URL**********
2022-01-26 11:42:57,295 [main] INFO CucumberJava - ********Providing login details**********
2022-01-26 11:42:57,536 [main] INFO CucumberJava - ********Started login**********
2022-01-26 11:44:48,454 [main] INFO CucumberJava - ********Searching costumer by Name**********
2022-01-26 11:44:52,346 [main] INFO CucumberJava - ********Closing browser**********
2022-01-26 12:10:33,165 [main] INFO CucumberJava - ********Launching browser**********
2022-01-26 12:10:33,190 [main] INFO CucumberJava - ********Opening URL**********
2022-01-26 12:10:35,869 [main] INFO CucumberJava - ********Providing login details**********
2022-01-26 12:10:36,126 [main] INFO CucumberJava - ********Started login**********
2022-01-26 12:12:39,817 [main] INFO CucumberJava - ********Adding new costumer**********
2022-01-26 12:12:39,817 [main] INFO CucumberJava - ********Providing costumer details**********
2022-01-26 12:12:47,163 [main] INFO CucumberJava - ********Saving costumer data**********
2022-01-26 12:12:52,237 [main] INFO CucumberJava - ********Closing browser**********
2022-01-26 12:12:53,651 [main] INFO CucumberJava - ********Launching browser**********
2022-01-26 12:12:53,659 [main] INFO CucumberJava - ********Opening URL**********
2022-01-26 12:12:56,048 [main] INFO CucumberJava - ********Providing login details**********
2022-01-26 12:12:56,321 [main] INFO CucumberJava - ********Started login**********
2022-01-26 12:13:20,316 [main] INFO CucumberJava - ********Login failed**********
2022-01-26 12:13:20,332 [main] INFO CucumberJava - ********Click on logout link**********
2022-01-26 12:13:27,134 [main] INFO CucumberJava - ********Login failed**********
2022-01-26 12:13:27,143 [main] INFO CucumberJava - ********Closing browser**********
2022-01-26 12:48:40,161 [main] INFO CucumberJava - ********Launching browser**********
2022-01-26 12:48:40,181 [main] INFO CucumberJava - ********Opening URL**********
2022-01-26 12:48:41,636 [main] INFO CucumberJava - ********Launching browser**********
2022-01-26 12:48:41,638 [main] INFO CucumberJava - ********Opening URL**********
2022-01-26 12:48:43,141 [main] INFO CucumberJava - ********Launching browser**********
2022-01-26 12:48:43,142 [main] INFO CucumberJava - ********Opening URL**********
2022-01-26 12:48:44,691 [main] INFO CucumberJava - ********Launching browser**********
2022-01-26 12:48:44,693 [main] INFO CucumberJava - ********Opening URL**********
2022-01-26 12:49:23,767 [main] INFO CucumberJava - ********Launching browser**********
2022-01-26 12:49:23,796 [main] INFO CucumberJava - ********Opening URL**********
2022-01-26 12:49:28,983 [main] INFO CucumberJava - ********Providing login details**********
2022-01-26 12:49:29,268 [main] INFO CucumberJava - ********Started login**********
2022-01-26 12:49:59,994 [main] INFO CucumberJava - ********Searching costumer by email id**********
2022-01-26 12:50:04,312 [main] INFO CucumberJava - ********Closing browser**********
2022-01-26 12:50:05,669 [main] INFO CucumberJava - ********Launching browser**********
2022-01-26 12:50:05,669 [main] INFO CucumberJava - ********Opening URL**********
2022-01-26 12:50:08,015 [main] INFO CucumberJava - ********Providing login details**********
2022-01-26 12:50:08,297 [main] INFO CucumberJava - ********Started login**********
2022-01-26 12:52:17,570 [main] INFO CucumberJava - ********Launching browser**********
2022-01-26 12:52:17,570 [main] INFO CucumberJava - ********Opening URL**********
2022-01-26 14:47:12,310 [main] INFO CucumberJava - ********Launching browser**********
2022-01-26 14:47:12,335 [main] INFO CucumberJava - ********Opening URL**********
2022-01-26 14:47:15,444 [main] INFO CucumberJava - ********Providing login details**********
2022-01-26 14:47:15,679 [main] INFO CucumberJava - ********Started login**********
2022-01-26 14:48:48,579 [main] INFO CucumberJava - ********Adding new costumer**********
2022-01-26 14:48:48,579 [main] INFO CucumberJava - ********Providing costumer details**********
2022-01-26 14:48:55,948 [main] INFO CucumberJava - ********Saving costumer data**********
2022-01-26 14:49:01,299 [main] INFO CucumberJava - ********Closing browser**********
2022-01-26 14:49:02,794 [main] INFO CucumberJava - ********Launching browser**********
2022-01-26 14:49:02,798 [main] INFO CucumberJava - ********Opening URL**********
2022-01-26 14:49:07,872 [main] INFO CucumberJava - ********Providing login details**********
2022-01-26 14:49:08,141 [main] INFO CucumberJava - ********Started login**********
2022-01-26 14:52:09,456 [main] INFO CucumberJava - ********Launching browser**********
2022-01-26 14:52:09,457 [main] INFO CucumberJava - ********Opening URL**********
2022-01-26 14:52:11,862 [main] INFO CucumberJava - ********Providing login details**********
2022-01-26 14:52:12,117 [main] INFO CucumberJava - ********Started login**********
2022-01-26 14:52:52,859 [main] INFO CucumberJava - ********Searching costumer by Name**********
2022-01-26 14:52:56,659 [main] INFO CucumberJava - ********Closing browser**********
2022-01-26 14:52:57,983 [main] INFO CucumberJava - ********Launching browser**********
2022-01-26 14:52:57,996 [main] INFO CucumberJava - ********Opening URL**********
2022-01-26 14:53:00,432 [main] INFO CucumberJava - ********Providing login details**********
2022-01-26 14:53:00,698 [main] INFO CucumberJava - ********Started login**********
2022-01-26 14:53:08,542 [main] INFO CucumberJava - ********Login failed**********
2022-01-26 14:53:08,572 [main] INFO CucumberJava - ********Click on logout link**********
2022-01-26 14:53:14,772 [main] INFO CucumberJava - ********Login failed**********
2022-01-26 14:53:14,792 [main] INFO CucumberJava - ********Closing browser**********
2022-01-26 14:53:16,090 [main] INFO CucumberJava - ********Launching browser**********
2022-01-26 14:53:16,091 [main] INFO CucumberJava - ********Opening URL**********
2022-01-26 14:53:18,422 [main] INFO CucumberJava - ********Providing login details**********
2022-01-26 14:53:18,660 [main] INFO CucumberJava - ********Started login**********
2022-01-26 14:53:27,015 [main] INFO CucumberJava - ********Login failed**********
2022-01-26 14:53:27,030 [main] INFO CucumberJava - ********Click on logout link**********
2022-01-26 14:53:32,411 [main] INFO CucumberJava - ********Login failed**********
2022-01-26 14:53:32,427 [main] INFO CucumberJava - ********Closing browser**********
2022-01-26 14:53:33,818 [main] INFO CucumberJava - ********Launching browser**********
2022-01-26 14:53:33,818 [main] INFO CucumberJava - ********Opening URL**********
2022-01-26 14:53:36,408 [main] INFO CucumberJava - ********Providing login details**********
2022-01-26 14:53:36,701 [main] INFO CucumberJava - ********Started login**********
2022-01-26 14:53:38,305 [main] INFO CucumberJava - ********Login passed**********
2022-01-26 14:54:50,783 [main] INFO CucumberJava - ********Launching browser**********
2022-01-26 14:54:50,811 [main] INFO CucumberJava - ********Opening URL**********
2022-01-26 14:54:53,511 [main] INFO CucumberJava - ********Providing login details**********
2022-01-26 14:54:53,798 [main] INFO CucumberJava - ********Started login**********
2022-01-26 14:55:46,215 [main] INFO CucumberJava - ********Adding new costumer**********
2022-01-26 14:55:46,215 [main] INFO CucumberJava - ********Providing costumer details**********
2022-01-26 14:55:53,571 [main] INFO CucumberJava - ********Saving costumer data**********
2022-01-26 14:55:58,435 [main] INFO CucumberJava - ********Closing browser**********
2022-01-26 14:55:59,968 [main] INFO CucumberJava - ********Launching browser**********
2022-01-26 14:55:59,976 [main] INFO CucumberJava - ********Opening URL**********
2022-01-26 14:56:02,249 [main] INFO CucumberJava - ********Providing login details**********
2022-01-26 14:56:02,534 [main] INFO CucumberJava - ********Started login**********
2022-01-26 14:56:19,819 [main] INFO CucumberJava - ********Searching costumer by email id**********
2022-01-26 14:56:23,505 [main] INFO CucumberJava - ********Closing browser**********
2022-01-26 14:56:24,936 [main] INFO CucumberJava - ********Launching browser**********
2022-01-26 14:56:24,938 [main] INFO CucumberJava - ********Opening URL**********
2022-01-26 14:56:27,498 [main] INFO CucumberJava - ********Providing login details**********
2022-01-26 14:56:27,763 [main] INFO CucumberJava - ********Started login**********
2022-01-26 14:56:45,706 [main] INFO CucumberJava - ********Searching costumer by Name**********
2022-01-26 14:56:49,475 [main] INFO CucumberJava - ********Closing browser**********
2022-01-26 14:56:50,958 [main] INFO CucumberJava - ********Launching browser**********
2022-01-26 14:56:50,961 [main] INFO CucumberJava - ********Opening URL**********
2022-01-26 14:56:53,420 [main] INFO CucumberJava - ********Providing login details**********
2022-01-26 14:56:53,679 [main] INFO CucumberJava - ********Started login**********
2022-01-26 14:57:03,252 [main] INFO CucumberJava - ********Login failed**********
2022-01-26 14:57:03,271 [main] INFO CucumberJava - ********Click on logout link**********
2022-01-26 14:57:08,192 [main] INFO CucumberJava - ********Login failed**********
2022-01-26 14:57:08,208 [main] INFO CucumberJava - ********Closing browser**********
2022-01-26 14:57:09,637 [main] INFO CucumberJava - ********Launching browser**********
2022-01-26 14:57:09,639 [main] INFO CucumberJava - ********Opening URL**********
2022-01-26 14:57:12,734 [main] INFO CucumberJava - ********Providing login details**********
2022-01-26 14:57:13,004 [main] INFO CucumberJava - ********Started login**********
2022-01-26 14:57:18,870 [main] INFO CucumberJava - ********Login failed**********
2022-01-26 14:57:18,884 [main] INFO CucumberJava - ********Click on logout link**********
2022-01-26 14:57:24,478 [main] INFO CucumberJava - ********Login failed**********
2022-01-26 14:57:24,486 [main] INFO CucumberJava - ********Closing browser**********
2022-01-26 14:57:25,911 [main] INFO CucumberJava - ********Launching browser**********
2022-01-26 14:57:25,914 [main] INFO CucumberJava - ********Opening URL**********
2022-01-26 14:57:27,598 [main] INFO CucumberJava - ********Providing login details**********
2022-01-26 14:57:27,861 [main] INFO CucumberJava - ********Started login**********
2022-01-26 14:57:28,585 [main] INFO CucumberJava - ********Login passed**********
2022-01-26 15:02:25,228 [main] INFO CucumberJava - ********Launching browser**********
2022-01-26 15:02:25,257 [main] INFO CucumberJava - ********Opening URL**********
2022-01-26 15:02:27,664 [main] INFO CucumberJava - ********Providing login details**********
2022-01-26 15:02:27,955 [main] INFO CucumberJava - ********Started login**********
2022-01-26 15:02:50,490 [main] INFO CucumberJava - ********Adding new costumer**********
2022-01-26 15:02:50,490 [main] INFO CucumberJava - ********Providing costumer details**********
2022-01-26 15:02:57,836 [main] INFO CucumberJava - ********Saving costumer data**********
2022-01-26 15:03:02,631 [main] INFO CucumberJava - ********Closing browser**********
2022-01-26 15:03:04,108 [main] INFO CucumberJava - ********Launching browser**********
2022-01-26 15:03:04,115 [main] INFO CucumberJava - ********Opening URL**********
2022-01-26 15:03:06,645 [main] INFO CucumberJava - ********Providing login details**********
2022-01-26 15:03:06,918 [main] INFO CucumberJava - ********Started login**********
2022-01-26 15:03:20,922 [main] INFO CucumberJava - ********Login failed**********
2022-01-26 15:03:20,945 [main] INFO CucumberJava - ********Click on logout link**********
2022-01-26 15:03:25,963 [main] INFO CucumberJava - ********Login failed**********
2022-01-26 15:03:25,974 [main] INFO CucumberJava - ********Closing browser**********
2022-01-26 22:10:39,570 [main] INFO CucumberJava - ********Launching browser**********
2022-01-26 22:10:39,604 [main] INFO CucumberJava - ********Opening URL**********
2022-01-26 22:10:42,249 [main] INFO CucumberJava - ********Providing login details**********
2022-01-26 22:10:42,489 [main] INFO CucumberJava - ********Started login**********
2022-01-26 22:11:06,120 [main] INFO CucumberJava - ********Adding new costumer**********
2022-01-26 22:11:06,121 [main] INFO CucumberJava - ********Providing costumer details**********
2022-01-26 22:11:13,594 [main] INFO CucumberJava - ********Saving costumer data**********
2022-01-26 22:11:18,587 [main] INFO CucumberJava - ********Closing browser**********
2022-01-26 22:11:20,139 [main] INFO CucumberJava - ********Launching browser**********
2022-01-26 22:11:20,145 [main] INFO CucumberJava - ********Opening URL**********
2022-01-26 22:11:23,686 [main] INFO CucumberJava - ********Providing login details**********
2022-01-26 22:11:23,965 [main] INFO CucumberJava - ********Started login**********
2022-01-26 22:11:30,733 [main] INFO CucumberJava - ********Login failed**********
2022-01-26 22:11:30,755 [main] INFO CucumberJava - ********Click on logout link**********
2022-01-26 22:11:35,690 [main] INFO CucumberJava - ********Login failed**********
2022-01-26 22:11:35,696 [main] INFO CucumberJava - ********Closing browser**********
2022-01-26 22:11:37,359 [main] INFO CucumberJava - ********Launching browser**********
2022-01-26 22:11:37,362 [main] INFO CucumberJava - ********Opening URL**********
2022-01-26 22:11:40,289 [main] INFO CucumberJava - ********Providing login details**********
2022-01-26 22:11:40,558 [main] INFO CucumberJava - ********Started login**********
2022-01-26 22:12:00,411 [main] INFO CucumberJava - ********Adding new costumer**********
2022-01-26 22:12:00,411 [main] INFO CucumberJava - ********Providing costumer details**********
2022-01-26 22:12:07,741 [main] INFO CucumberJava - ********Saving costumer data**********
2022-01-26 22:12:12,522 [main] INFO CucumberJava - ********Closing browser**********
2022-01-26 22:12:14,133 [main] INFO CucumberJava - ********Launching browser**********
2022-01-26 22:12:14,137 [main] INFO CucumberJava - ********Opening URL**********
2022-01-26 22:12:16,502 [main] INFO CucumberJava - ********Providing login details**********
2022-01-26 22:12:16,887 [main] INFO CucumberJava - ********Started login**********
2022-01-26 22:12:31,369 [main] INFO CucumberJava - ********Searching costumer by email id**********
2022-01-26 22:12:35,011 [main] INFO CucumberJava - ********Closing browser**********
2022-01-26 22:12:36,552 [main] INFO CucumberJava - ********Launching browser**********
2022-01-26 22:12:36,553 [main] INFO CucumberJava - ********Opening URL**********
2022-01-26 22:12:38,354 [main] INFO CucumberJava - ********Providing login details**********
2022-01-26 22:12:38,628 [main] INFO CucumberJava - ********Started login**********
2022-01-26 22:12:50,463 [main] INFO CucumberJava - ********Searching costumer by Name**********
2022-01-26 22:12:54,788 [main] INFO CucumberJava - ********Closing browser**********
2022-01-26 22:13:59,073 [main] INFO CucumberJava - ********Launching browser**********
2022-01-26 22:13:59,104 [main] INFO CucumberJava - ********Opening URL**********
2022-01-26 22:14:01,561 [main] INFO CucumberJava - ********Providing login details**********
2022-01-26 22:14:01,837 [main] INFO CucumberJava - ********Started login**********
2022-01-26 22:14:19,519 [main] INFO CucumberJava - ********Adding new costumer**********
2022-01-26 22:14:19,519 [main] INFO CucumberJava - ********Providing costumer details**********
2022-01-26 22:14:26,952 [main] INFO CucumberJava - ********Saving costumer data**********
2022-01-26 22:14:31,844 [main] INFO CucumberJava - ********Closing browser**********
2022-01-26 22:14:33,540 [main] INFO CucumberJava - ********Launching browser**********
2022-01-26 22:14:33,549 [main] INFO CucumberJava - ********Opening URL**********
2022-01-26 22:14:36,205 [main] INFO CucumberJava - ********Providing login details**********
2022-01-26 22:14:36,488 [main] INFO CucumberJava - ********Started login**********
2022-01-26 22:14:43,796 [main] INFO CucumberJava - ********Login failed**********
2022-01-26 22:14:43,832 [main] INFO CucumberJava - ********Click on logout link**********
2022-01-26 22:14:48,819 [main] INFO CucumberJava - ********Login failed**********
2022-01-26 22:14:48,832 [main] INFO CucumberJava - ********Closing browser**********
2022-01-26 22:14:50,575 [main] INFO CucumberJava - ********Launching browser**********
2022-01-26 22:14:50,579 [main] INFO CucumberJava - ********Opening URL**********
2022-01-26 22:14:52,244 [main] INFO CucumberJava - ********Providing login details**********
2022-01-26 22:14:52,546 [main] INFO CucumberJava - ********Started login**********
2022-01-26 22:15:11,014 [main] INFO CucumberJava - ********Adding new costumer**********
2022-01-26 22:15:11,014 [main] INFO CucumberJava - ********Providing costumer details**********
2022-01-26 22:15:18,353 [main] INFO CucumberJava - ********Saving costumer data**********
2022-01-26 22:15:23,083 [main] INFO CucumberJava - ********Closing browser**********
2022-01-26 22:15:24,781 [main] INFO CucumberJava - ********Launching browser**********
2022-01-26 22:15:24,784 [main] INFO CucumberJava - ********Opening URL**********
2022-01-26 22:15:26,972 [main] INFO CucumberJava - ********Providing login details**********
2022-01-26 22:15:27,252 [main] INFO CucumberJava - ********Started login**********
2022-01-26 22:15:41,921 [main] INFO CucumberJava - ********Searching costumer by email id**********
2022-01-26 22:15:45,519 [main] INFO CucumberJava - ********Closing browser**********
2022-01-26 22:15:47,187 [main] INFO CucumberJava - ********Launching browser**********
2022-01-26 22:15:47,190 [main] INFO CucumberJava - ********Opening URL**********
2022-01-26 22:15:49,127 [main] INFO CucumberJava - ********Providing login details**********
2022-01-26 22:15:49,402 [main] INFO CucumberJava - ********Started login**********
2022-01-26 22:16:03,232 [main] INFO CucumberJava - ********Searching costumer by Name**********
2022-01-26 22:16:06,983 [main] INFO CucumberJava - ********Closing browser**********
2022-01-27 21:55:37,509 [main] INFO CucumberJava - ********Launching browser**********
2022-01-27 21:55:37,578 [main] INFO CucumberJava - ********Opening URL**********
2022-01-27 21:55:40,678 [main] INFO CucumberJava - ********Providing login details**********
2022-01-27 21:55:41,096 [main] INFO CucumberJava - ********Started login**********
2022-01-27 21:56:11,249 [main] INFO CucumberJava - ********Adding new costumer**********
2022-01-27 21:56:11,250 [main] INFO CucumberJava - ********Providing costumer details**********
2022-01-27 21:56:18,908 [main] INFO CucumberJava - ********Saving costumer data**********
2022-01-27 21:56:24,600 [main] INFO CucumberJava - ********Closing browser**********
2022-01-27 21:56:26,187 [main] INFO CucumberJava - ********Launching browser**********
2022-01-27 21:56:26,190 [main] INFO CucumberJava - ********Opening URL**********
2022-01-27 21:56:28,715 [main] INFO CucumberJava - ********Providing login details**********
2022-01-27 21:56:29,023 [main] INFO CucumberJava - ********Started login**********
2022-01-27 21:57:10,643 [main] INFO CucumberJava - ********Launching browser**********
2022-01-27 21:57:10,680 [main] INFO CucumberJava - ********Opening URL**********
2022-01-27 21:57:13,384 [main] INFO CucumberJava - ********Providing login details**********
2022-01-27 21:57:13,813 [main] INFO CucumberJava - ********Started login**********
2022-01-27 22:11:29,594 [main] INFO CucumberJava - ********Launching browser**********
2022-01-27 22:11:29,656 [main] INFO CucumberJava - ********Opening URL**********
2022-01-27 22:11:32,496 [main] INFO CucumberJava - ********Providing login details**********
2022-01-27 22:11:32,984 [main] INFO CucumberJava - ********Started login**********
2022-01-28 11:12:13,865 [main] INFO CucumberJava - ********Launching browser**********
2022-01-28 11:12:13,911 [main] INFO CucumberJava - ********Opening URL**********
2022-01-28 11:12:16,375 [main] INFO CucumberJava - ********Providing login details**********
2022-01-28 11:12:16,681 [main] INFO CucumberJava - ********Started login**********
2022-01-28 11:13:50,649 [main] INFO CucumberJava - ********Launching browser**********
2022-01-28 11:13:50,676 [main] INFO CucumberJava - ********Opening URL**********
2022-01-28 11:13:53,143 [main] INFO CucumberJava - ********Providing login details**********
2022-01-28 11:13:53,534 [main] INFO CucumberJava - ********Started login**********
2022-01-28 11:16:55,024 [main] INFO CucumberJava - ********Launching browser**********
2022-01-28 11:16:55,037 [main] INFO CucumberJava - ********Opening URL**********
2022-01-28 11:16:57,239 [main] INFO CucumberJava - ********Providing login details**********
2022-01-28 11:16:57,551 [main] INFO CucumberJava - ********Started login**********
2022-01-28 11:17:04,526 [main] INFO CucumberJava - ********Login failed**********
2022-01-28 11:17:04,551 [main] INFO CucumberJava - ********Click on logout link**********
2022-01-28 11:17:09,394 [main] INFO CucumberJava - ********Login failed**********
2022-01-28 11:17:09,399 [main] INFO CucumberJava - ********Closing browser**********
2022-01-28 11:17:11,046 [main] INFO CucumberJava - ********Launching browser**********
2022-01-28 11:17:11,048 [main] INFO CucumberJava - ********Opening URL**********
2022-01-28 11:17:12,618 [main] INFO CucumberJava - ********Providing login details**********
2022-01-28 11:17:12,916 [main] INFO CucumberJava - ********Started login**********
2022-01-28 11:18:03,709 [main] INFO CucumberJava - ********Launching browser**********
2022-01-28 11:18:03,711 [main] INFO CucumberJava - ********Opening URL**********
2022-01-28 11:26:16,714 [main] INFO CucumberJava - ********Launching browser**********
2022-01-28 11:26:16,744 [main] INFO CucumberJava - ********Opening URL**********
2022-01-28 11:26:19,176 [main] INFO CucumberJava - ********Providing login details**********
2022-01-28 11:26:19,454 [main] INFO CucumberJava - ********Started login**********
2022-01-28 11:26:42,393 [main] INFO CucumberJava - ********Adding new costumer**********
2022-01-28 11:26:42,393 [main] INFO CucumberJava - ********Providing costumer details**********
2022-01-28 11:26:49,773 [main] INFO CucumberJava - ********Saving costumer data**********
2022-01-28 11:26:54,557 [main] INFO CucumberJava - ********Closing browser**********
2022-01-28 11:27:00,000 [main] INFO CucumberJava - ********Launching browser**********
2022-01-28 11:27:00,002 [main] INFO CucumberJava - ********Opening URL**********
2022-01-28 11:27:02,789 [main] INFO CucumberJava - ********Providing login details**********
2022-01-28 11:27:03,040 [main] INFO CucumberJava - ********Started login**********
2022-01-28 11:27:19,834 [main] INFO CucumberJava - ********Searching costumer by email id**********
2022-01-28 11:27:23,420 [main] INFO CucumberJava - ********Closing browser**********
2022-01-28 11:27:24,886 [main] INFO CucumberJava - ********Launching browser**********
2022-01-28 11:27:24,887 [main] INFO CucumberJava - ********Opening URL**********
2022-01-28 11:27:26,432 [main] INFO CucumberJava - ********Providing login details**********
2022-01-28 11:27:26,707 [main] INFO CucumberJava - ********Started login**********
2022-01-28 11:27:39,134 [main] INFO CucumberJava - ********Searching costumer by Name**********
2022-01-28 11:27:42,824 [main] INFO CucumberJava - ********Closing browser**********
2022-01-28 11:28:44,546 [main] INFO CucumberJava - ********Launching browser**********
2022-01-28 11:28:44,587 [main] INFO CucumberJava - ********Opening URL**********
2022-01-28 11:28:46,374 [main] INFO CucumberJava - ********Providing login details**********
2022-01-28 11:28:46,642 [main] INFO CucumberJava - ********Started login**********
2022-01-28 11:29:02,404 [main] INFO CucumberJava - ********Adding new costumer**********
2022-01-28 11:29:02,404 [main] INFO CucumberJava - ********Providing costumer details**********
2022-01-28 11:29:09,720 [main] INFO CucumberJava - ********Saving costumer data**********
2022-01-28 11:29:14,543 [main] INFO CucumberJava - ********Closing browser**********
2022-01-28 11:29:15,982 [main] INFO CucumberJava - ********Launching browser**********
2022-01-28 11:29:15,983 [main] INFO CucumberJava - ********Opening URL**********
2022-01-28 11:29:17,613 [main] INFO CucumberJava - ********Providing login details**********
2022-01-28 11:29:17,895 [main] INFO CucumberJava - ********Started login**********
2022-01-28 11:29:31,618 [main] INFO CucumberJava - ********Searching costumer by email id**********
2022-01-28 11:29:35,233 [main] INFO CucumberJava - ********Closing browser**********
2022-01-28 11:29:36,591 [main] INFO CucumberJava - ********Launching browser**********
2022-01-28 11:29:36,591 [main] INFO CucumberJava - ********Opening URL**********
2022-01-28 11:29:38,816 [main] INFO CucumberJava - ********Providing login details**********
2022-01-28 11:29:39,100 [main] INFO CucumberJava - ********Started login**********
2022-01-28 11:34:28,848 [main] INFO CucumberJava - ********Launching browser**********
2022-01-28 11:34:28,883 [main] INFO CucumberJava - ********Opening URL**********
2022-01-28 11:34:31,315 [main] INFO CucumberJava - ********Providing login details**********
2022-01-28 11:34:31,583 [main] INFO CucumberJava - ********Started login**********
2022-01-28 11:34:49,891 [main] INFO CucumberJava - ********Adding new costumer**********
2022-01-28 11:34:49,891 [main] INFO CucumberJava - ********Providing costumer details**********
2022-01-28 11:34:57,253 [main] INFO CucumberJava - ********Saving costumer data**********
2022-01-28 11:35:03,006 [main] INFO CucumberJava - ********Closing browser**********
2022-01-28 11:35:04,444 [main] INFO CucumberJava - ********Launching browser**********
2022-01-28 11:35:04,444 [main] INFO CucumberJava - ********Opening URL**********
2022-01-28 11:35:06,649 [main] INFO CucumberJava - ********Providing login details**********
2022-01-28 11:35:06,925 [main] INFO CucumberJava - ********Started login**********
2022-01-28 11:35:24,564 [main] INFO CucumberJava - ********Searching costumer by email id**********
2022-01-28 11:35:28,693 [main] INFO CucumberJava - ********Closing browser**********
2022-01-28 11:35:30,081 [main] INFO CucumberJava - ********Launching browser**********
2022-01-28 11:35:30,087 [main] INFO CucumberJava - ********Opening URL**********
2022-01-28 11:35:32,416 [main] INFO CucumberJava - ********Providing login details**********
2022-01-28 11:35:32,677 [main] INFO CucumberJava - ********Started login**********
2022-01-28 11:35:49,967 [main] INFO CucumberJava - ********Searching costumer by Name**********
2022-01-28 11:35:53,644 [main] INFO CucumberJava - ********Closing browser**********
2022-01-28 16:54:55,670 [main] INFO CucumberJava - ********Launching browser**********
2022-01-28 16:54:55,702 [main] INFO CucumberJava - ********Opening URL**********
2022-01-28 16:54:58,059 [main] INFO CucumberJava - ********Providing login details**********
2022-01-28 16:54:58,330 [main] INFO CucumberJava - ********Started login**********
2022-01-28 21:11:37,103 [main] INFO CucumberJava - ********Launching browser**********
2022-01-28 21:11:37,130 [main] INFO CucumberJava - ********Opening URL**********
2022-01-28 21:11:39,837 [main] INFO CucumberJava - ********Providing login details**********
2022-01-28 21:11:40,096 [main] INFO CucumberJava - ********Started login**********
2022-01-28 21:11:59,682 [main] INFO CucumberJava - ********Adding new costumer**********
2022-01-28 21:11:59,682 [main] INFO CucumberJava - ********Providing costumer details**********
2022-01-28 21:12:07,042 [main] INFO CucumberJava - ********Saving costumer data**********
2022-01-28 21:12:11,867 [main] INFO CucumberJava - ********Closing browser**********
2022-01-28 21:12:13,336 [main] INFO CucumberJava - ********Launching browser**********
2022-01-28 21:12:13,336 [main] INFO CucumberJava - ********Opening URL**********
2022-01-28 21:12:15,500 [main] INFO CucumberJava - ********Providing login details**********
2022-01-28 21:12:15,774 [main] INFO CucumberJava - ********Started login**********
2022-01-28 21:12:30,426 [main] INFO CucumberJava - ********Searching costumer by email id**********
2022-01-28 21:12:34,546 [main] INFO CucumberJava - ********Closing browser**********
2022-01-28 21:12:35,878 [main] INFO CucumberJava - ********Launching browser**********
2022-01-28 21:12:35,887 [main] INFO CucumberJava - ********Opening URL**********
2022-01-28 21:12:38,019 [main] INFO CucumberJava - ********Providing login details**********
2022-01-28 21:12:38,296 [main] INFO CucumberJava - ********Started login**********
2022-01-28 21:12:56,422 [main] INFO CucumberJava - ********Searching costumer by Name**********
2022-01-28 21:13:00,157 [main] INFO CucumberJava - ********Closing browser**********
2022-01-28 21:30:21,145 [main] INFO CucumberJava - ********Launching browser**********
2022-01-28 21:30:21,198 [main] INFO CucumberJava - ********Opening URL**********
2022-01-28 21:30:23,586 [main] INFO CucumberJava - ********Providing login details**********
2022-01-28 21:30:23,917 [main] INFO CucumberJava - ********Started login**********
2022-01-28 21:30:44,300 [main] INFO CucumberJava - ********Adding new costumer**********
2022-01-28 21:30:44,300 [main] INFO CucumberJava - ********Providing costumer details**********
2022-01-28 21:30:51,719 [main] INFO CucumberJava - ********Saving costumer data**********
2022-01-28 21:30:56,668 [main] INFO CucumberJava - ********Closing browser**********
2022-01-28 21:30:58,278 [main] INFO CucumberJava - ********Launching browser**********
2022-01-28 21:30:58,280 [main] INFO CucumberJava - ********Opening URL**********
2022-01-28 21:31:00,705 [main] INFO CucumberJava - ********Providing login details**********
2022-01-28 21:31:00,997 [main] INFO CucumberJava - ********Started login**********
2022-01-28 21:31:08,389 [main] INFO CucumberJava - ********Login failed**********
2022-01-28 21:31:08,408 [main] INFO CucumberJava - ********Click on logout link**********
2022-01-28 21:31:13,210 [main] INFO CucumberJava - ********Login failed**********
2022-01-28 21:31:13,217 [main] INFO CucumberJava - ********Closing browser**********
2022-01-28 21:31:14,718 [main] INFO CucumberJava - ********Launching browser**********
2022-01-28 21:31:14,718 [main] INFO CucumberJava - ********Opening URL**********
2022-01-28 21:31:17,176 [main] INFO CucumberJava - ********Providing login details**********
2022-01-28 21:31:17,457 [main] INFO CucumberJava - ********Started login**********
2022-01-28 21:31:37,665 [main] INFO CucumberJava - ********Adding new costumer**********
2022-01-28 21:31:37,665 [main] INFO CucumberJava - ********Providing costumer details**********
2022-01-28 21:31:45,010 [main] INFO CucumberJava - ********Saving costumer data**********
2022-01-28 21:31:49,696 [main] INFO CucumberJava - ********Closing browser**********
2022-01-28 21:31:51,196 [main] INFO CucumberJava - ********Launching browser**********
2022-01-28 21:31:51,196 [main] INFO CucumberJava - ********Opening URL**********
2022-01-28 21:31:53,724 [main] INFO CucumberJava - ********Providing login details**********
2022-01-28 21:31:54,002 [main] INFO CucumberJava - ********Started login**********
2022-01-28 21:32:09,269 [main] INFO CucumberJava - ********Searching costumer by email id**********
2022-01-28 21:32:12,955 [main] INFO CucumberJava - ********Closing browser**********
2022-01-28 21:32:14,450 [main] INFO CucumberJava - ********Launching browser**********
2022-01-28 21:32:14,450 [main] INFO CucumberJava - ********Opening URL**********
2022-01-28 21:32:16,789 [main] INFO CucumberJava - ********Providing login details**********
2022-01-28 21:32:17,083 [main] INFO CucumberJava - ********Started login**********
2022-01-28 21:32:33,473 [main] INFO CucumberJava - ********Searching costumer by Name**********
2022-01-28 21:32:37,276 [main] INFO CucumberJava - ********Closing browser**********
2022-01-28 21:46:12,998 [main] INFO CucumberJava - ********Launching browser**********
2022-01-28 21:46:13,018 [main] INFO CucumberJava - ********Opening URL**********
2022-01-28 21:46:15,406 [main] INFO CucumberJava - ********Providing login details**********
2022-01-28 21:46:15,654 [main] INFO CucumberJava - ********Started login**********
2022-01-28 21:46:33,446 [main] INFO CucumberJava - ********Adding new costumer**********
2022-01-28 21:46:33,446 [main] INFO CucumberJava - ********Providing costumer details**********
2022-01-28 21:46:40,759 [main] INFO CucumberJava - ********Saving costumer data**********
2022-01-28 21:46:45,395 [main] INFO CucumberJava - ********Closing browser**********
2022-01-28 21:46:46,720 [main] INFO CucumberJava - ********Launching browser**********
2022-01-28 21:46:46,721 [main] INFO CucumberJava - ********Opening URL**********
2022-01-28 21:46:48,843 [main] INFO CucumberJava - ********Providing login details**********
2022-01-28 21:46:49,111 [main] INFO CucumberJava - ********Started login**********
2022-01-28 21:47:32,098 [main] INFO CucumberJava - ********Searching costumer by email id**********
2022-01-28 21:47:35,771 [main] INFO CucumberJava - ********Closing browser**********
2022-01-28 21:47:37,158 [main] INFO CucumberJava - ********Launching browser**********
2022-01-28 21:47:37,158 [main] INFO CucumberJava - ********Opening URL**********
2022-01-28 21:47:44,643 [main] INFO CucumberJava - ********Providing login details**********
2022-01-28 21:47:44,892 [main] INFO CucumberJava - ********Started login**********
2022-01-28 21:48:06,866 [main] INFO CucumberJava - ********Searching costumer by Name**********
2022-01-28 21:48:10,617 [main] INFO CucumberJava - ********Closing browser**********
